#
# There is insufficient memory for the Java Runtime Environment to continue.
# Native memory allocation (mmap) failed to map 1073741824 bytes for G1 virtual space
# Possible reasons:
#   The system is out of physical RAM or swap space
#   The process is running with CompressedOops enabled, and the Java Heap may be blocking the growth of the native heap
# Possible solutions:
#   Reduce memory load on the system
#   Increase physical memory or swap space
#   Check if swap backing store is full
#   Decrease Java heap size (-Xmx/-Xms)
#   Decrease number of Java threads
#   Decrease Java thread stack sizes (-Xss)
#   Set larger code cache with -XX:ReservedCodeCacheSize=
#   JVM is running with Zero Based Compressed Oops mode in which the Java heap is
#     placed in the first 32GB address space. The Java Heap base address is the
#     maximum limit for the native heap growth. Please use -XX:HeapBaseMinAddress
#     to set the Java Heap base and to place the Java Heap above 32GB virtual address.
# This output file may be truncated or incomplete.
#
#  Out of Memory Error (os_windows.cpp:3760), pid=31228, tid=52700
#
# JRE version:  (17.0.5+1) (build )
# Java VM: OpenJDK 64-Bit Server VM (17.0.5+1-b653.23, mixed mode, sharing, tiered, compressed oops, compressed class ptrs, g1 gc, windows-amd64)
# No core dump will be written. Minidumps are not enabled by default on client versions of Windows
#

---------------  S U M M A R Y ------------

Command Line: git4idea.http.GitAskPassApp Username for 'https://github.com': 

Host: Intel(R) Xeon(R) Silver 4210 CPU @ 2.20GHz, 40 cores, 63G,  Windows 11 , 64 bit Build 22000 (10.0.22000.1516)
Time: Mon Mar  6 11:30:35 2023  Windows 11 , 64 bit Build 22000 (10.0.22000.1516) elapsed time: 0.034908 seconds (0d 0h 0m 0s)

---------------  T H R E A D  ---------------

Current thread (0x00000218a36ceff0):  JavaThread "Unknown thread" [_thread_in_vm, id=52700, stack(0x000000bdce100000,0x000000bdce200000)]

Stack: [0x000000bdce100000,0x000000bdce200000]
Native frames: (J=compiled Java code, j=interpreted, Vv=VM code, C=native code)
V  [jvm.dll+0x6830ca]
V  [jvm.dll+0x83f4c4]
V  [jvm.dll+0x840c6e]
V  [jvm.dll+0x8412d3]
V  [jvm.dll+0x2490b5]
V  [jvm.dll+0x67ff99]
V  [jvm.dll+0x6744aa]
V  [jvm.dll+0x308f2b]
V  [jvm.dll+0x3103e6]
V  [jvm.dll+0x36013e]
V  [jvm.dll+0x36036f]
V  [jvm.dll+0x2df018]
V  [jvm.dll+0x2dff84]
V  [jvm.dll+0x810d91]
V  [jvm.dll+0x36df31]
V  [jvm.dll+0x7f028c]
V  [jvm.dll+0x3f0cbf]
V  [jvm.dll+0x3f2801]
C  [jli.dll+0x526b]
C  [ucrtbase.dll+0x26c0c]
C  [KERNEL32.DLL+0x155a0]
C  [ntdll.dll+0x485b]


---------------  P R O C E S S  ---------------

Threads class SMR info:
_java_thread_list=0x00007ff910a08f98, length=0, elements={
}

Java Threads: ( => current thread )

Other Threads:
  0x00000218dd500bf0 GCTaskThread "GC Thread#0" [stack: 0x000000bdce200000,0x000000bdce300000] [id=31980]
  0x00000218a3793620 ConcurrentGCThread "G1 Main Marker" [stack: 0x000000bdce300000,0x000000bdce400000] [id=30708]
  0x00000218a3798b00 ConcurrentGCThread "G1 Conc#0" [stack: 0x000000bdce400000,0x000000bdce500000] [id=2776]

[error occurred during error reporting (printing all threads), id 0xc0000005, EXCEPTION_ACCESS_VIOLATION (0xc0000005) at pc=0x00007ff9101bfbd7]

VM state: not at safepoint (not fully initialized)

VM Mutex/Monitor currently owned by a thread:  ([mutex/lock_event])
[0x00000218a36ca4f0] Heap_lock - owner thread: 0x00000218a36ceff0

Heap address: 0x0000000406000000, size: 16288 MB, Compressed Oops mode: Zero based, Oop shift amount: 3

CDS archive(s) mapped at: [0x0000000000000000-0x0000000000000000-0x0000000000000000), size 0, SharedBaseAddress: 0x0000000800000000, ArchiveRelocationMode: 0.
Narrow klass base: 0x0000000000000000, Narrow klass shift: 0, Narrow klass range: 0x0

GC Precious Log:
<Empty>

Heap:
 garbage-first heap   total 0K, used 0K [0x0000000406000000, 0x0000000800000000)
  region size 8192K, 0 young (0K), 0 survivors (0K)

[error occurred during error reporting (printing heap information), id 0xc0000005, EXCEPTION_ACCESS_VIOLATION (0xc0000005) at pc=0x00007ff9105acd59]

GC Heap History (0 events):
No events

Dll operation events (1 events):
Event: 0.027 Loaded shared library C:\Program Files\JetBrains\IntelliJ IDEA 2022.3.1\jbr\bin\java.dll

Deoptimization events (0 events):
No events

Classes unloaded (0 events):
No events

Classes redefined (0 events):
No events

Internal exceptions (0 events):
No events

VM Operations (0 events):
No events

Events (0 events):
No events


Dynamic libraries:
0x00007ff729fb0000 - 0x00007ff729fba000 	C:\Program Files\JetBrains\IntelliJ IDEA 2022.3.1\jbr\bin\java.exe
0x00007ff987a00000 - 0x00007ff987c09000 	C:\WINDOWS\SYSTEM32\ntdll.dll
0x00007ff986790000 - 0x00007ff98684e000 	C:\WINDOWS\System32\KERNEL32.DLL
0x00007ff985240000 - 0x00007ff9855bc000 	C:\WINDOWS\System32\KERNELBASE.dll
0x00007ff9855f0000 - 0x00007ff985701000 	C:\WINDOWS\System32\ucrtbase.dll
0x00007ff96cd10000 - 0x00007ff96cd27000 	C:\Program Files\JetBrains\IntelliJ IDEA 2022.3.1\jbr\bin\jli.dll
0x00007ff953d50000 - 0x00007ff953d6b000 	C:\Program Files\JetBrains\IntelliJ IDEA 2022.3.1\jbr\bin\VCRUNTIME140.dll
0x00007ff985a60000 - 0x00007ff985c0d000 	C:\WINDOWS\System32\USER32.dll
0x00007ff9855c0000 - 0x00007ff9855e6000 	C:\WINDOWS\System32\win32u.dll
0x00007ff986c00000 - 0x00007ff986c29000 	C:\WINDOWS\System32\GDI32.dll
0x00007ff96c6c0000 - 0x00007ff96c965000 	C:\WINDOWS\WinSxS\amd64_microsoft.windows.common-controls_6595b64144ccf1df_6.0.22000.120_none_9d947278b86cc467\COMCTL32.dll
0x00007ff985120000 - 0x00007ff985238000 	C:\WINDOWS\System32\gdi32full.dll
0x00007ff984fc0000 - 0x00007ff98505d000 	C:\WINDOWS\System32\msvcp_win.dll
0x00007ff987360000 - 0x00007ff987403000 	C:\WINDOWS\System32\msvcrt.dll
0x00007ff985a20000 - 0x00007ff985a52000 	C:\WINDOWS\System32\IMM32.DLL
0x00007ff956de0000 - 0x00007ff956dec000 	C:\Program Files\JetBrains\IntelliJ IDEA 2022.3.1\jbr\bin\vcruntime140_1.dll
0x00007ff944c10000 - 0x00007ff944c9d000 	C:\Program Files\JetBrains\IntelliJ IDEA 2022.3.1\jbr\bin\msvcp140.dll
0x00007ff90fed0000 - 0x00007ff910b3b000 	C:\Program Files\JetBrains\IntelliJ IDEA 2022.3.1\jbr\bin\server\jvm.dll
0x00007ff986e30000 - 0x00007ff986ede000 	C:\WINDOWS\System32\ADVAPI32.dll
0x00007ff9870a0000 - 0x00007ff98713e000 	C:\WINDOWS\System32\sechost.dll
0x00007ff985c10000 - 0x00007ff985d30000 	C:\WINDOWS\System32\RPCRT4.dll
0x00007ff96eb10000 - 0x00007ff96eb19000 	C:\WINDOWS\SYSTEM32\WSOCK32.dll
0x00007ff979e70000 - 0x00007ff979ea3000 	C:\WINDOWS\SYSTEM32\WINMM.dll
0x00007ff9859b0000 - 0x00007ff985a1f000 	C:\WINDOWS\System32\WS2_32.dll
0x00007ff97bfe0000 - 0x00007ff97bfea000 	C:\WINDOWS\SYSTEM32\VERSION.dll
0x00007ff984040000 - 0x00007ff984058000 	C:\WINDOWS\SYSTEM32\kernel.appcore.dll
0x00007ff980910000 - 0x00007ff98091a000 	C:\Program Files\JetBrains\IntelliJ IDEA 2022.3.1\jbr\bin\jimage.dll
0x00007ff975f50000 - 0x00007ff976171000 	C:\WINDOWS\SYSTEM32\DBGHELP.DLL
0x00007ff979320000 - 0x00007ff979351000 	C:\WINDOWS\SYSTEM32\dbgcore.DLL
0x00007ff984f40000 - 0x00007ff984fbf000 	C:\WINDOWS\System32\bcryptPrimitives.dll
0x00007ff9704e0000 - 0x00007ff970505000 	C:\Program Files\JetBrains\IntelliJ IDEA 2022.3.1\jbr\bin\java.dll

dbghelp: loaded successfully - version: 4.0.5 - missing functions: none
symbol engine: initialized successfully - sym options: 0x614 - pdb path: .;C:\Program Files\JetBrains\IntelliJ IDEA 2022.3.1\jbr\bin;C:\WINDOWS\SYSTEM32;C:\WINDOWS\WinSxS\amd64_microsoft.windows.common-controls_6595b64144ccf1df_6.0.22000.120_none_9d947278b86cc467;C:\Program Files\JetBrains\IntelliJ IDEA 2022.3.1\jbr\bin\server

VM Arguments:
java_command: git4idea.http.GitAskPassApp Username for 'https://github.com': 
java_class_path (initial): C:/Program Files/JetBrains/IntelliJ IDEA 2022.3.1/plugins/vcs-git/lib/git4idea-rt.jar;C:/Program Files/JetBrains/IntelliJ IDEA 2022.3.1/lib/externalProcess-rt.jar;C:/Program Files/JetBrains/IntelliJ IDEA 2022.3.1/lib/app.jar;C:/Program Files/JetBrains/IntelliJ IDEA 2022.3.1/lib/3rd-party-rt.jar
Launcher Type: SUN_STANDARD

[Global flags]
     intx CICompilerCount                          = 15                                        {product} {ergonomic}
     uint ConcGCThreads                            = 7                                         {product} {ergonomic}
     uint G1ConcRefinementThreads                  = 28                                        {product} {ergonomic}
   size_t G1HeapRegionSize                         = 8388608                                   {product} {ergonomic}
    uintx GCDrainStackTargetSize                   = 64                                        {product} {ergonomic}
   size_t InitialHeapSize                          = 1073741824                                {product} {ergonomic}
   size_t MarkStackSize                            = 4194304                                   {product} {ergonomic}
   size_t MaxHeapSize                              = 17079205888                               {product} {ergonomic}
   size_t MinHeapDeltaBytes                        = 8388608                                   {product} {ergonomic}
   size_t MinHeapSize                              = 8388608                                   {product} {ergonomic}
    uintx NonNMethodCodeHeapSize                   = 8192380                                {pd product} {ergonomic}
    uintx NonProfiledCodeHeapSize                  = 121732930                              {pd product} {ergonomic}
    uintx ProfiledCodeHeapSize                     = 121732930                              {pd product} {ergonomic}
    uintx ReservedCodeCacheSize                    = 251658240                              {pd product} {ergonomic}
     bool SegmentedCodeCache                       = true                                      {product} {ergonomic}
   size_t SoftMaxHeapSize                          = 17079205888                            {manageable} {ergonomic}
     bool UseCompressedClassPointers               = true                           {product lp64_product} {ergonomic}
     bool UseCompressedOops                        = true                           {product lp64_product} {ergonomic}
     bool UseG1GC                                  = true                                      {product} {ergonomic}
     bool UseLargePagesIndividualAllocation        = false                                  {pd product} {ergonomic}

Logging:
Log output configuration:
 #0: stdout all=warning uptime,level,tags
 #1: stderr all=off uptime,level,tags

Environment Variables:
PATH=C:\Program Files\Git\mingw64\libexec\git-core;C:\Program Files\Git\mingw64\libexec\git-core;C:\Program Files\Git\mingw64\bin;C:\Program Files\Git\usr\bin;C:\Users\gywls\bin;C:\Program Files\NVIDIA GPU Computing Toolkit\CUDA\v11.6\bin;C:\Program Files\NVIDIA GPU Computing Toolkit\CUDA\v11.6\libnvvp;C:\Program Files\Common Files\Oracle\Java\javapath;C:\Program Files\Microsoft\jdk-11.0.12.7-hotspot\bin;C:\WINDOWS\system32;C:\WINDOWS;C:\WINDOWS\System32\Wbem;C:\WINDOWS\System32\WindowsPowerShell\v1.0;C:\WINDOWS\System32\OpenSSH;C:\Program Files (x86)\NVIDIA Corporation\PhysX\Common;C:\Program Files\nodejs;C:\Program Files\Docker\Docker\resources\bin;C:\Program Files\Microsoft SQL Server\150\Tools\Binn;C:\Program Files\Microsoft SQL Server\Client SDK\ODBC\170\Tools\Binn;C:\Program Files\dotnet;C:\Program Files\Git\cmd;C:\Program Files\PuTTY;C:\Program Files\NVIDIA Corporation\Nsight Compute 2022.1.0;C:\Program Files\NVIDIA Corporation\NVIDIA NvDLISR;C:\Users\gywls\AppData\Local\Microsoft\WindowsApps;C:\Users\gywls\AppData\Local\Programs\Microsoft VS Code\bin;C:\Users\gywls\AppData\Roaming\npm;C:\Users\gywls\.dotnet\tools;C:\Program Files\JetBrains\IntelliJ IDEA 2022.3.1\bin
USERNAME=gywls
DISPLAY=:0.0
LC_ALL=en_US.UTF-8
TERM=xterm-256color
TMPDIR=C:\Users\gywls\AppData\Local\Temp
OS=Windows_NT
PROCESSOR_IDENTIFIER=Intel64 Family 6 Model 85 Stepping 7, GenuineIntel
TMP=C:\Users\gywls\AppData\Local\Temp
TEMP=C:\Users\gywls\AppData\Local\Temp



---------------  S Y S T E M  ---------------

OS:
 Windows 11 , 64 bit Build 22000 (10.0.22000.1516)
OS uptime: 12 days 21:01 hours
Hyper-V role detected

CPU: total 40 (initial active 40) (10 cores per cpu, 2 threads per core) family 6 model 85 stepping 7 microcode 0x5003003, cx8, cmov, fxsr, ht, mmx, 3dnowpref, sse, sse2, sse3, ssse3, sse4.1, sse4.2, popcnt, lzcnt, tsc, tscinvbit, avx, avx2, aes, erms, clmul, bmi1, bmi2, adx, avx512f, avx512dq, avx512cd, avx512bw, avx512vl, fma, vzeroupper, avx512_vnni, clflush, clflushopt, clwb, hv

Memory: 4k page, system-wide physical 65150M (26864M free)
TotalPageFile size 124694M (AvailPageFile size 502M)
current process WorkingSet (physical memory assigned to process): 11M, peak: 11M
current process commit charge ("private bytes"): 102M, peak: 1126M

vm_info: OpenJDK 64-Bit Server VM (17.0.5+1-b653.23) for windows-amd64 JRE (17.0.5+1-b653.23), built on 2022-12-12 by "builduser" with MS VC++ 16.10 / 16.11 (VS2019)

END.
